<?xml version="1.0" encoding="UTF-8"?>
<testng-results total="1" passed="1" failed="0" skipped="0">
  <reporter-output>
  </reporter-output>
  <suite started-at="2022-12-20T09:10:50Z" name="Suite" finished-at="2022-12-20T09:10:50Z" duration-ms="28">
    <groups>
    </groups>
    <test started-at="2022-12-20T09:10:50Z" name="Test" finished-at="2022-12-20T09:10:50Z" duration-ms="28">
      <class name="com.scm.practice.P1">
        <test-method signature="m()[pri:0, instance:com.scm.practice.P1@571c5681]" started-at="2022-12-20T14:40:50Z" name="m" finished-at="2022-12-20T14:40:50Z" duration-ms="13" status="PASS">
          <reporter-output>
          </reporter-output>
        </test-method> <!-- m -->
      </class> <!-- com.scm.practice.P1 -->
    </test> <!-- Test -->
  </suite> <!-- Suite -->
</testng-results>
